<?xml version="1.0" encoding="UTF-8"?>
<!-- Generated by org.testng.reporters.JUnitXMLReporter -->
<testsuite ignored="0" hostname="LTIN274102" failures="0" tests="10" name="Default test" time="248.648" errors="0" timestamp="2024-02-23T11:34:14 IST">
  <testcase classname="TestCases.TC001_SearchwebDev" name="search_course" time="44.76"/>
  <testcase classname="TestCases.TC001_SearchwebDev" name="Select_Filter" time="6.429"/>
  <testcase classname="TestCases.TC001_SearchwebDev" name="course_list" time="47.261"/>
  <testcase classname="TestCases.TC001_SearchwebDev" name="Languagecount" time="7.411"/>
  <testcase classname="TestCases.TC001_SearchwebDev" name="Levels" time="2.629"/>
  <testcase classname="TestCases.TC001_SearchwebDev" name="ForEnterprise" time="74.859"/>
  <testcase classname="TestCases.TC001_SearchwebDev" name="ForCampus" time="35.406"/>
  <testcase classname="TestCases.TC001_SearchwebDev" name="Form" time="3.208"/>
  <testcase classname="TestCases.TC001_SearchwebDev" name="FormSubmit" time="0.735"/>
  <testcase classname="TestCases.TC001_SearchwebDev" name="CaptureError" time="0.429"/>
</testsuite> <!-- Default test -->
